SF:lib/cubit_example/cubit_example.dart
DA:12,1
DA:20,1
DA:21,2
DA:24,1
DA:26,1
DA:27,2
DA:28,1
DA:30,1
DA:31,1
DA:34,2
DA:35,1
DA:37,2
DA:39,1
DA:40,0
DA:41,2
DA:42,1
DA:44,0
LF:17
LH:15
end_of_record
SF:lib/notifier_example/color_state.dart
DA:17,2
DA:21,1
DA:22,2
DA:23,2
DA:24,2
DA:25,2
DA:28,1
LF:7
LH:7
end_of_record
SF:lib/notifier_example/inherited_color.dart
DA:11,1
DA:21,1
DA:22,1
DA:23,1
DA:29,0
DA:31,0
LF:6
LH:4
end_of_record
SF:lib/notifier_example/notifier_example.dart
DA:8,1
DA:10,1
DA:12,2
DA:14,1
DA:16,1
DA:17,1
DA:18,1
DA:19,1
DA:20,1
LF:9
LH:9
end_of_record
SF:lib/set_state_example/set_state_example.dart
DA:10,1
DA:12,1
DA:13,1
DA:22,2
DA:23,1
DA:24,2
DA:25,2
DA:26,2
DA:27,2
DA:33,1
DA:35,1
DA:36,1
DA:37,1
DA:38,1
LF:14
LH:14
end_of_record
SF:lib/cubit_example/color_repo/color_repo.dart
DA:13,1
DA:14,1
DA:15,2
DA:16,2
DA:17,2
LF:5
LH:5
end_of_record
SF:lib/cubit_example/state/cubit_example_state.dart
DA:5,2
DA:13,0
DA:14,0
DA:17,1
DA:25,0
DA:26,0
DA:29,1
DA:38,0
DA:39,0
DA:42,0
LF:10
LH:3
end_of_record
SF:lib/cubit_example/state/cubit_example_cubit.dart
DA:13,1
DA:15,1
DA:20,1
DA:22,2
DA:23,2
DA:25,0
LF:6
LH:5
end_of_record
SF:lib/cubit_example/subpages/error_page.dart
DA:12,0
DA:14,0
DA:16,0
DA:17,0
DA:18,0
DA:19,0
LF:6
LH:0
end_of_record
SF:lib/cubit_example/subpages/initial_page.dart
DA:16,1
DA:22,1
DA:24,1
DA:25,1
DA:26,1
DA:27,1
LF:6
LH:6
end_of_record
SF:lib/cubit_example/subpages/success_page.dart
DA:17,1
DA:23,1
DA:25,1
DA:26,1
DA:27,1
DA:28,1
LF:6
LH:6
end_of_record
